<?xml version="1.0" encoding="UTF-8"?>
<!-- Generated by org.testng.reporters.JUnitXMLReporter -->
<testsuite hostname="Girishs-Air" ignored="0" name="Default test" tests="6" failures="0" timestamp="27 May 2017 18:03:52 GMT" time="16.26" errors="0">
  <testcase name="itemSearch" time="0.066" classname="com.sqa.anayak.ws.ItemSearchTest"/>
  <testcase name="itemSearch" time="0.064" classname="com.sqa.anayak.ws.ItemSearchTest"/>
  <testcase name="itemSearch" time="0.005" classname="com.sqa.anayak.ws.ItemSearchTest"/>
  <testcase name="itemSearch" time="0.006" classname="com.sqa.anayak.ws.ItemSearchTest"/>
  <testcase name="itemSearch" time="0.002" classname="com.sqa.anayak.ws.ItemSearchTest"/>
  <testcase name="itemSearch" time="0.002" classname="com.sqa.anayak.ws.ItemSearchTest"/>
</testsuite> <!-- Default test -->
