<?xml version="1.0" encoding="UTF-8"?>
<testng-results skipped="0" failed="0" ignored="0" total="6" passed="6">
  <reporter-output>
  </reporter-output>
  <suite name="Default suite" duration-ms="16260" started-at="2017-05-27T18:03:36Z" finished-at="2017-05-27T18:03:52Z">
    <groups>
    </groups>
    <test name="Default test" duration-ms="16260" started-at="2017-05-27T18:03:36Z" finished-at="2017-05-27T18:03:52Z">
      <class name="com.sqa.anayak.ws.ItemSearchTest">
        <test-method status="PASS" signature="setUp()[pri:0, instance:com.sqa.anayak.ws.ItemSearchTest@731a74c]" name="setUp" is-config="true" duration-ms="15049" started-at="2017-05-27T11:03:36Z" finished-at="2017-05-27T11:03:51Z">
          <reporter-output>
          </reporter-output>
        </test-method> <!-- setUp -->
        <test-method status="PASS" signature="itemSearch(int, java.lang.String, int, double)[pri:0, instance:com.sqa.anayak.ws.ItemSearchTest@731a74c]" name="itemSearch" duration-ms="66" started-at="2017-05-27T11:03:51Z" data-provider="textFileData" finished-at="2017-05-27T11:03:51Z">
          <params>
            <param index="0">
              <value>
                <![CDATA[1]]>
              </value>
            </param>
            <param index="1">
              <value>
                <![CDATA[Calphalon Contemporary Nonstick Fry Pan Set]]>
              </value>
            </param>
            <param index="2">
              <value>
                <![CDATA[3]]>
              </value>
            </param>
            <param index="3">
              <value>
                <![CDATA[149.0]]>
              </value>
            </param>
          </params>
          <reporter-output>
          </reporter-output>
        </test-method> <!-- itemSearch -->
        <test-method status="PASS" signature="itemSearch(int, java.lang.String, int, double)[pri:0, instance:com.sqa.anayak.ws.ItemSearchTest@731a74c]" name="itemSearch" duration-ms="64" started-at="2017-05-27T11:03:51Z" data-provider="textFileData" finished-at="2017-05-27T11:03:51Z">
          <params>
            <param index="0">
              <value>
                <![CDATA[2]]>
              </value>
            </param>
            <param index="1">
              <value>
                <![CDATA[Herb Pot with Tray]]>
              </value>
            </param>
            <param index="2">
              <value>
                <![CDATA[2]]>
              </value>
            </param>
            <param index="3">
              <value>
                <![CDATA[59.0]]>
              </value>
            </param>
          </params>
          <reporter-output>
          </reporter-output>
        </test-method> <!-- itemSearch -->
        <test-method status="PASS" signature="itemSearch(int, java.lang.String, int, double)[pri:0, instance:com.sqa.anayak.ws.ItemSearchTest@731a74c]" name="itemSearch" duration-ms="5" started-at="2017-05-27T11:03:51Z" data-provider="textFileData" finished-at="2017-05-27T11:03:51Z">
          <params>
            <param index="0">
              <value>
                <![CDATA[3]]>
              </value>
            </param>
            <param index="1">
              <value>
                <![CDATA[Sorrento Coffee Table]]>
              </value>
            </param>
            <param index="2">
              <value>
                <![CDATA[1]]>
              </value>
            </param>
            <param index="3">
              <value>
                <![CDATA[750.0]]>
              </value>
            </param>
          </params>
          <reporter-output>
          </reporter-output>
        </test-method> <!-- itemSearch -->
        <test-method status="PASS" signature="itemSearch(int, java.lang.String, int, double)[pri:0, instance:com.sqa.anayak.ws.ItemSearchTest@731a74c]" name="itemSearch" duration-ms="6" started-at="2017-05-27T11:03:51Z" data-provider="textFileData" finished-at="2017-05-27T11:03:51Z">
          <params>
            <param index="0">
              <value>
                <![CDATA[4]]>
              </value>
            </param>
            <param index="1">
              <value>
                <![CDATA[Demeyere Atlantis Stainless-Steel Stock Pot 8 3/4]]>
              </value>
            </param>
            <param index="2">
              <value>
                <![CDATA[2]]>
              </value>
            </param>
            <param index="3">
              <value>
                <![CDATA[149.0]]>
              </value>
            </param>
          </params>
          <reporter-output>
          </reporter-output>
        </test-method> <!-- itemSearch -->
        <test-method status="PASS" signature="itemSearch(int, java.lang.String, int, double)[pri:0, instance:com.sqa.anayak.ws.ItemSearchTest@731a74c]" name="itemSearch" duration-ms="2" started-at="2017-05-27T11:03:51Z" data-provider="textFileData" finished-at="2017-05-27T11:03:51Z">
          <params>
            <param index="0">
              <value>
                <![CDATA[5]]>
              </value>
            </param>
            <param index="1">
              <value>
                <![CDATA[Copper Flower Pot]]>
              </value>
            </param>
            <param index="2">
              <value>
                <![CDATA[1]]>
              </value>
            </param>
            <param index="3">
              <value>
                <![CDATA[39.0]]>
              </value>
            </param>
          </params>
          <reporter-output>
          </reporter-output>
        </test-method> <!-- itemSearch -->
        <test-method status="PASS" signature="itemSearch(int, java.lang.String, int, double)[pri:0, instance:com.sqa.anayak.ws.ItemSearchTest@731a74c]" name="itemSearch" duration-ms="2" started-at="2017-05-27T11:03:51Z" data-provider="textFileData" finished-at="2017-05-27T11:03:51Z">
          <params>
            <param index="0">
              <value>
                <![CDATA[6]]>
              </value>
            </param>
            <param index="1">
              <value>
                <![CDATA[Abaca Rug Brown/Black]]>
              </value>
            </param>
            <param index="2">
              <value>
                <![CDATA[1]]>
              </value>
            </param>
            <param index="3">
              <value>
                <![CDATA[19.0]]>
              </value>
            </param>
          </params>
          <reporter-output>
          </reporter-output>
        </test-method> <!-- itemSearch -->
        <test-method status="PASS" signature="tearDown()[pri:0, instance:com.sqa.anayak.ws.ItemSearchTest@731a74c]" name="tearDown" is-config="true" duration-ms="840" started-at="2017-05-27T11:03:51Z" finished-at="2017-05-27T11:03:52Z">
          <reporter-output>
          </reporter-output>
        </test-method> <!-- tearDown -->
      </class> <!-- com.sqa.anayak.ws.ItemSearchTest -->
    </test> <!-- Default test -->
  </suite> <!-- Default suite -->
</testng-results>
